c:\development\acrylic\acrylic\thirdparty\glfw\bin-int\debug-windows-x86_64\glfw\glfw.pdb
c:\development\acrylic\acrylic\thirdparty\glfw\bin-int\debug-windows-x86_64\glfw\glfw.idb
c:\development\acrylic\acrylic\thirdparty\glfw\bin-int\debug-windows-x86_64\glfw\window.obj
c:\development\acrylic\acrylic\thirdparty\glfw\bin-int\debug-windows-x86_64\glfw\win32_window.obj
c:\development\acrylic\acrylic\thirdparty\glfw\bin-int\debug-windows-x86_64\glfw\win32_time.obj
c:\development\acrylic\acrylic\thirdparty\glfw\bin-int\debug-windows-x86_64\glfw\win32_thread.obj
c:\development\acrylic\acrylic\thirdparty\glfw\bin-int\debug-windows-x86_64\glfw\win32_monitor.obj
c:\development\acrylic\acrylic\thirdparty\glfw\bin-int\debug-windows-x86_64\glfw\win32_joystick.obj
c:\development\acrylic\acrylic\thirdparty\glfw\bin-int\debug-windows-x86_64\glfw\win32_init.obj
c:\development\acrylic\acrylic\thirdparty\glfw\bin-int\debug-windows-x86_64\glfw\wgl_context.obj
c:\development\acrylic\acrylic\thirdparty\glfw\bin-int\debug-windows-x86_64\glfw\vulkan.obj
c:\development\acrylic\acrylic\thirdparty\glfw\bin-int\debug-windows-x86_64\glfw\osmesa_context.obj
c:\development\acrylic\acrylic\thirdparty\glfw\bin-int\debug-windows-x86_64\glfw\monitor.obj
c:\development\acrylic\acrylic\thirdparty\glfw\bin-int\debug-windows-x86_64\glfw\input.obj
c:\development\acrylic\acrylic\thirdparty\glfw\bin-int\debug-windows-x86_64\glfw\init.obj
c:\development\acrylic\acrylic\thirdparty\glfw\bin-int\debug-windows-x86_64\glfw\egl_context.obj
c:\development\acrylic\acrylic\thirdparty\glfw\bin-int\debug-windows-x86_64\glfw\context.obj
c:\development\acrylic\acrylic\thirdparty\glfw\bin\debug-windows-x86_64\glfw\glfw.lib
c:\development\acrylic\acrylic\thirdparty\glfw\bin-int\debug-windows-x86_64\glfw\glfw.tlog\cl.command.1.tlog
c:\development\acrylic\acrylic\thirdparty\glfw\bin-int\debug-windows-x86_64\glfw\glfw.tlog\cl.read.1.tlog
c:\development\acrylic\acrylic\thirdparty\glfw\bin-int\debug-windows-x86_64\glfw\glfw.tlog\cl.write.1.tlog
c:\development\acrylic\acrylic\thirdparty\glfw\bin-int\debug-windows-x86_64\glfw\glfw.tlog\lib-link.read.1.tlog
c:\development\acrylic\acrylic\thirdparty\glfw\bin-int\debug-windows-x86_64\glfw\glfw.tlog\lib-link.write.1.tlog
c:\development\acrylic\acrylic\thirdparty\glfw\bin-int\debug-windows-x86_64\glfw\glfw.tlog\lib.command.1.tlog
